{"/home/adile/Documents/practise/react-rithms/fullstackopen2019/part5/bloglist-frontend/src/App.js": {"path":"/home/adile/Documents/practise/react-rithms/fullstackopen2019/part5/bloglist-frontend/src/App.js","statementMap":{"0":{"start":{"line":17,"column":28},"end":{"line":17,"column":40}},"1":{"start":{"line":18,"column":42},"end":{"line":18,"column":56}},"2":{"start":{"line":19,"column":46},"end":{"line":19,"column":60}},"3":{"start":{"line":20,"column":34},"end":{"line":20,"column":46}},"4":{"start":{"line":21,"column":34},"end":{"line":21,"column":46}},"5":{"start":{"line":22,"column":27},"end":{"line":22,"column":39}},"6":{"start":{"line":23,"column":29},"end":{"line":23,"column":41}},"7":{"start":{"line":24,"column":31},"end":{"line":24,"column":43}},"8":{"start":{"line":25,"column":25},"end":{"line":25,"column":37}},"9":{"start":{"line":27,"column":25},"end":{"line":27,"column":42}},"10":{"start":{"line":45,"column":2},"end":{"line":52,"column":8}},"11":{"start":{"line":46,"column":4},"end":{"line":51,"column":8}},"12":{"start":{"line":49,"column":8},"end":{"line":49,"column":29}},"13":{"start":{"line":54,"column":2},"end":{"line":54,"column":37}},"14":{"start":{"line":56,"column":2},"end":{"line":63,"column":8}},"15":{"start":{"line":57,"column":27},"end":{"line":57,"column":79}},"16":{"start":{"line":58,"column":4},"end":{"line":62,"column":5}},"17":{"start":{"line":59,"column":19},"end":{"line":59,"column":45}},"18":{"start":{"line":60,"column":6},"end":{"line":60,"column":19}},"19":{"start":{"line":61,"column":6},"end":{"line":61,"column":38}},"20":{"start":{"line":66,"column":22},"end":{"line":93,"column":3}},"21":{"start":{"line":67,"column":4},"end":{"line":67,"column":26}},"22":{"start":{"line":68,"column":4},"end":{"line":91,"column":5}},"23":{"start":{"line":69,"column":19},"end":{"line":72,"column":8}},"24":{"start":{"line":73,"column":6},"end":{"line":73,"column":40}},"25":{"start":{"line":75,"column":6},"end":{"line":77,"column":7}},"26":{"start":{"line":79,"column":6},"end":{"line":79,"column":38}},"27":{"start":{"line":80,"column":6},"end":{"line":80,"column":19}},"28":{"start":{"line":81,"column":6},"end":{"line":81,"column":21}},"29":{"start":{"line":82,"column":6},"end":{"line":82,"column":21}},"30":{"start":{"line":85,"column":6},"end":{"line":85,"column":52}},"31":{"start":{"line":87,"column":6},"end":{"line":89,"column":14}},"32":{"start":{"line":88,"column":8},"end":{"line":88,"column":29}},"33":{"start":{"line":96,"column":29},"end":{"line":99,"column":1}},"34":{"start":{"line":97,"column":2},"end":{"line":97,"column":55}},"35":{"start":{"line":98,"column":3},"end":{"line":98,"column":34}},"36":{"start":{"line":102,"column":29},"end":{"line":105,"column":1}},"37":{"start":{"line":103,"column":2},"end":{"line":103,"column":59}},"38":{"start":{"line":104,"column":2},"end":{"line":104,"column":34}},"39":{"start":{"line":108,"column":26},"end":{"line":111,"column":1}},"40":{"start":{"line":109,"column":2},"end":{"line":109,"column":56}},"41":{"start":{"line":110,"column":2},"end":{"line":110,"column":31}},"42":{"start":{"line":114,"column":27},"end":{"line":117,"column":1}},"43":{"start":{"line":115,"column":2},"end":{"line":115,"column":57}},"44":{"start":{"line":116,"column":2},"end":{"line":116,"column":32}},"45":{"start":{"line":120,"column":24},"end":{"line":123,"column":1}},"46":{"start":{"line":121,"column":2},"end":{"line":121,"column":54}},"47":{"start":{"line":122,"column":2},"end":{"line":122,"column":29}},"48":{"start":{"line":130,"column":22},"end":{"line":164,"column":3}},"49":{"start":{"line":131,"column":4},"end":{"line":131,"column":26}},"50":{"start":{"line":132,"column":4},"end":{"line":132,"column":31}},"51":{"start":{"line":134,"column":4},"end":{"line":134,"column":45}},"52":{"start":{"line":136,"column":4},"end":{"line":163,"column":5}},"53":{"start":{"line":137,"column":22},"end":{"line":141,"column":7}},"54":{"start":{"line":142,"column":6},"end":{"line":142,"column":65}},"55":{"start":{"line":143,"column":26},"end":{"line":143,"column":59}},"56":{"start":{"line":145,"column":6},"end":{"line":145,"column":69}},"57":{"start":{"line":146,"column":6},"end":{"line":146,"column":39}},"58":{"start":{"line":147,"column":6},"end":{"line":147,"column":69}},"59":{"start":{"line":149,"column":6},"end":{"line":149,"column":18}},"60":{"start":{"line":150,"column":6},"end":{"line":150,"column":19}},"61":{"start":{"line":151,"column":6},"end":{"line":151,"column":16}},"62":{"start":{"line":153,"column":6},"end":{"line":155,"column":14}},"63":{"start":{"line":154,"column":8},"end":{"line":154,"column":31}},"64":{"start":{"line":157,"column":6},"end":{"line":157,"column":55}},"65":{"start":{"line":159,"column":6},"end":{"line":161,"column":14}},"66":{"start":{"line":160,"column":8},"end":{"line":160,"column":29}},"67":{"start":{"line":167,"column":21},"end":{"line":192,"column":1}},"68":{"start":{"line":175,"column":2},"end":{"line":190,"column":3}},"69":{"start":{"line":176,"column":4},"end":{"line":176,"column":31}},"70":{"start":{"line":177,"column":4},"end":{"line":177,"column":30}},"71":{"start":{"line":178,"column":4},"end":{"line":178,"column":17}},"72":{"start":{"line":180,"column":3},"end":{"line":180,"column":48}},"73":{"start":{"line":181,"column":4},"end":{"line":183,"column":12}},"74":{"start":{"line":182,"column":6},"end":{"line":182,"column":29}},"75":{"start":{"line":185,"column":4},"end":{"line":185,"column":53}},"76":{"start":{"line":187,"column":4},"end":{"line":189,"column":12}},"77":{"start":{"line":188,"column":6},"end":{"line":188,"column":27}},"78":{"start":{"line":193,"column":25},"end":{"line":225,"column":1}},"79":{"start":{"line":193,"column":36},"end":{"line":225,"column":1}},"80":{"start":{"line":194,"column":2},"end":{"line":194,"column":25}},"81":{"start":{"line":195,"column":2},"end":{"line":224,"column":3}},"82":{"start":{"line":199,"column":21},"end":{"line":199,"column":65}},"83":{"start":{"line":199,"column":46},"end":{"line":199,"column":64}},"84":{"start":{"line":200,"column":4},"end":{"line":200,"column":41}},"85":{"start":{"line":201,"column":20},"end":{"line":201,"column":39}},"86":{"start":{"line":202,"column":23},"end":{"line":205,"column":23}},"87":{"start":{"line":206,"column":4},"end":{"line":206,"column":46}},"88":{"start":{"line":207,"column":24},"end":{"line":207,"column":71}},"89":{"start":{"line":208,"column":4},"end":{"line":208,"column":45}},"90":{"start":{"line":209,"column":4},"end":{"line":209,"column":71}},"91":{"start":{"line":209,"column":31},"end":{"line":209,"column":69}},"92":{"start":{"line":210,"column":4},"end":{"line":212,"column":9}},"93":{"start":{"line":213,"column":4},"end":{"line":215,"column":12}},"94":{"start":{"line":214,"column":6},"end":{"line":214,"column":29}},"95":{"start":{"line":217,"column":4},"end":{"line":217,"column":53}},"96":{"start":{"line":219,"column":4},"end":{"line":221,"column":12}},"97":{"start":{"line":220,"column":6},"end":{"line":220,"column":27}},"98":{"start":{"line":227,"column":21},"end":{"line":266,"column":1}},"99":{"start":{"line":227,"column":32},"end":{"line":266,"column":1}},"100":{"start":{"line":228,"column":2},"end":{"line":228,"column":25}},"101":{"start":{"line":230,"column":22},"end":{"line":230,"column":66}},"102":{"start":{"line":230,"column":47},"end":{"line":230,"column":65}},"103":{"start":{"line":231,"column":2},"end":{"line":231,"column":44}},"104":{"start":{"line":232,"column":2},"end":{"line":232,"column":51}},"105":{"start":{"line":233,"column":2},"end":{"line":233,"column":45}},"106":{"start":{"line":238,"column":23},"end":{"line":238,"column":69}},"107":{"start":{"line":238,"column":50},"end":{"line":238,"column":68}},"108":{"start":{"line":239,"column":2},"end":{"line":239,"column":46}},"109":{"start":{"line":241,"column":17},"end":{"line":243,"column":5}},"110":{"start":{"line":244,"column":2},"end":{"line":265,"column":3}},"111":{"start":{"line":245,"column":4},"end":{"line":264,"column":5}},"112":{"start":{"line":247,"column":26},"end":{"line":247,"column":59}},"113":{"start":{"line":248,"column":6},"end":{"line":248,"column":47}},"114":{"start":{"line":249,"column":6},"end":{"line":249,"column":27}},"115":{"start":{"line":250,"column":6},"end":{"line":252,"column":10}},"116":{"start":{"line":253,"column":6},"end":{"line":255,"column":14}},"117":{"start":{"line":254,"column":8},"end":{"line":254,"column":31}},"118":{"start":{"line":257,"column":6},"end":{"line":257,"column":55}},"119":{"start":{"line":259,"column":6},"end":{"line":261,"column":14}},"120":{"start":{"line":260,"column":8},"end":{"line":260,"column":29}},"121":{"start":{"line":267,"column":20},"end":{"line":279,"column":3}},"122":{"start":{"line":268,"column":4},"end":{"line":278,"column":5}},"123":{"start":{"line":281,"column":18},"end":{"line":315,"column":3}},"124":{"start":{"line":282,"column":4},"end":{"line":314,"column":3}},"125":{"start":{"line":285,"column":4},"end":{"line":313,"column":5}},"126":{"start":{"line":318,"column":2},"end":{"line":325,"column":3}}},"fnMap":{"0":{"name":"App","decl":{"start":{"line":15,"column":9},"end":{"line":15,"column":12}},"loc":{"start":{"line":15,"column":15},"end":{"line":326,"column":1}},"line":15},"1":{"name":"(anonymous_1)","decl":{"start":{"line":45,"column":12},"end":{"line":45,"column":13}},"loc":{"start":{"line":45,"column":18},"end":{"line":52,"column":3}},"line":45},"2":{"name":"(anonymous_2)","decl":{"start":{"line":47,"column":21},"end":{"line":47,"column":22}},"loc":{"start":{"line":47,"column":36},"end":{"line":51,"column":7}},"line":47},"3":{"name":"(anonymous_3)","decl":{"start":{"line":56,"column":12},"end":{"line":56,"column":13}},"loc":{"start":{"line":56,"column":18},"end":{"line":63,"column":3}},"line":56},"4":{"name":"(anonymous_4)","decl":{"start":{"line":66,"column":22},"end":{"line":66,"column":23}},"loc":{"start":{"line":66,"column":39},"end":{"line":93,"column":3}},"line":66},"5":{"name":"(anonymous_5)","decl":{"start":{"line":87,"column":17},"end":{"line":87,"column":18}},"loc":{"start":{"line":87,"column":23},"end":{"line":89,"column":7}},"line":87},"6":{"name":"(anonymous_6)","decl":{"start":{"line":96,"column":29},"end":{"line":96,"column":30}},"loc":{"start":{"line":96,"column":40},"end":{"line":99,"column":1}},"line":96},"7":{"name":"(anonymous_7)","decl":{"start":{"line":102,"column":29},"end":{"line":102,"column":30}},"loc":{"start":{"line":102,"column":40},"end":{"line":105,"column":1}},"line":102},"8":{"name":"(anonymous_8)","decl":{"start":{"line":108,"column":26},"end":{"line":108,"column":27}},"loc":{"start":{"line":108,"column":37},"end":{"line":111,"column":1}},"line":108},"9":{"name":"(anonymous_9)","decl":{"start":{"line":114,"column":27},"end":{"line":114,"column":28}},"loc":{"start":{"line":114,"column":38},"end":{"line":117,"column":1}},"line":114},"10":{"name":"(anonymous_10)","decl":{"start":{"line":120,"column":24},"end":{"line":120,"column":25}},"loc":{"start":{"line":120,"column":35},"end":{"line":123,"column":1}},"line":120},"11":{"name":"(anonymous_11)","decl":{"start":{"line":130,"column":22},"end":{"line":130,"column":23}},"loc":{"start":{"line":130,"column":39},"end":{"line":164,"column":3}},"line":130},"12":{"name":"(anonymous_12)","decl":{"start":{"line":153,"column":17},"end":{"line":153,"column":18}},"loc":{"start":{"line":153,"column":23},"end":{"line":155,"column":7}},"line":153},"13":{"name":"(anonymous_13)","decl":{"start":{"line":159,"column":17},"end":{"line":159,"column":18}},"loc":{"start":{"line":159,"column":23},"end":{"line":161,"column":7}},"line":159},"14":{"name":"(anonymous_14)","decl":{"start":{"line":167,"column":21},"end":{"line":167,"column":22}},"loc":{"start":{"line":167,"column":32},"end":{"line":192,"column":1}},"line":167},"15":{"name":"(anonymous_15)","decl":{"start":{"line":181,"column":15},"end":{"line":181,"column":16}},"loc":{"start":{"line":181,"column":21},"end":{"line":183,"column":5}},"line":181},"16":{"name":"(anonymous_16)","decl":{"start":{"line":187,"column":15},"end":{"line":187,"column":16}},"loc":{"start":{"line":187,"column":21},"end":{"line":189,"column":5}},"line":187},"17":{"name":"(anonymous_17)","decl":{"start":{"line":193,"column":25},"end":{"line":193,"column":26}},"loc":{"start":{"line":193,"column":36},"end":{"line":225,"column":1}},"line":193},"18":{"name":"(anonymous_18)","decl":{"start":{"line":193,"column":36},"end":{"line":193,"column":37}},"loc":{"start":{"line":193,"column":51},"end":{"line":225,"column":1}},"line":193},"19":{"name":"(anonymous_19)","decl":{"start":{"line":199,"column":38},"end":{"line":199,"column":39}},"loc":{"start":{"line":199,"column":46},"end":{"line":199,"column":64}},"line":199},"20":{"name":"(anonymous_20)","decl":{"start":{"line":209,"column":23},"end":{"line":209,"column":24}},"loc":{"start":{"line":209,"column":31},"end":{"line":209,"column":69}},"line":209},"21":{"name":"(anonymous_21)","decl":{"start":{"line":213,"column":15},"end":{"line":213,"column":16}},"loc":{"start":{"line":213,"column":21},"end":{"line":215,"column":5}},"line":213},"22":{"name":"(anonymous_22)","decl":{"start":{"line":219,"column":15},"end":{"line":219,"column":16}},"loc":{"start":{"line":219,"column":21},"end":{"line":221,"column":5}},"line":219},"23":{"name":"(anonymous_23)","decl":{"start":{"line":227,"column":21},"end":{"line":227,"column":22}},"loc":{"start":{"line":227,"column":32},"end":{"line":266,"column":1}},"line":227},"24":{"name":"(anonymous_24)","decl":{"start":{"line":227,"column":32},"end":{"line":227,"column":33}},"loc":{"start":{"line":227,"column":47},"end":{"line":266,"column":1}},"line":227},"25":{"name":"(anonymous_25)","decl":{"start":{"line":230,"column":39},"end":{"line":230,"column":40}},"loc":{"start":{"line":230,"column":47},"end":{"line":230,"column":65}},"line":230},"26":{"name":"(anonymous_26)","decl":{"start":{"line":238,"column":42},"end":{"line":238,"column":43}},"loc":{"start":{"line":238,"column":50},"end":{"line":238,"column":68}},"line":238},"27":{"name":"(anonymous_27)","decl":{"start":{"line":253,"column":17},"end":{"line":253,"column":18}},"loc":{"start":{"line":253,"column":23},"end":{"line":255,"column":7}},"line":253},"28":{"name":"(anonymous_28)","decl":{"start":{"line":259,"column":17},"end":{"line":259,"column":18}},"loc":{"start":{"line":259,"column":23},"end":{"line":261,"column":7}},"line":259},"29":{"name":"(anonymous_29)","decl":{"start":{"line":267,"column":20},"end":{"line":267,"column":21}},"loc":{"start":{"line":267,"column":25},"end":{"line":279,"column":3}},"line":267},"30":{"name":"(anonymous_30)","decl":{"start":{"line":281,"column":18},"end":{"line":281,"column":19}},"loc":{"start":{"line":281,"column":23},"end":{"line":315,"column":3}},"line":281}},"branchMap":{"0":{"loc":{"start":{"line":58,"column":4},"end":{"line":62,"column":5}},"type":"if","locations":[{"start":{"line":58,"column":4},"end":{"line":62,"column":5}},{"start":{"line":58,"column":4},"end":{"line":62,"column":5}}],"line":58},"1":{"loc":{"start":{"line":209,"column":31},"end":{"line":209,"column":69}},"type":"cond-expr","locations":[{"start":{"line":209,"column":52},"end":{"line":209,"column":56}},{"start":{"line":209,"column":58},"end":{"line":209,"column":69}}],"line":209},"2":{"loc":{"start":{"line":244,"column":2},"end":{"line":265,"column":3}},"type":"if","locations":[{"start":{"line":244,"column":2},"end":{"line":265,"column":3}},{"start":{"line":244,"column":2},"end":{"line":265,"column":3}}],"line":244},"3":{"loc":{"start":{"line":282,"column":4},"end":{"line":314,"column":3}},"type":"if","locations":[{"start":{"line":282,"column":4},"end":{"line":314,"column":3}},{"start":{"line":282,"column":4},"end":{"line":314,"column":3}}],"line":282},"4":{"loc":{"start":{"line":321,"column":9},"end":{"line":321,"column":37}},"type":"cond-expr","locations":[{"start":{"line":321,"column":15},"end":{"line":321,"column":24}},{"start":{"line":321,"column":26},"end":{"line":321,"column":37}}],"line":321}},"s":{"0":6,"1":6,"2":6,"3":6,"4":6,"5":6,"6":6,"7":6,"8":6,"9":6,"10":6,"11":2,"12":2,"13":6,"14":6,"15":2,"16":2,"17":0,"18":0,"19":0,"20":6,"21":0,"22":0,"23":0,"24":0,"25":0,"26":0,"27":0,"28":0,"29":0,"30":0,"31":0,"32":0,"33":6,"34":0,"35":0,"36":6,"37":0,"38":0,"39":6,"40":0,"41":0,"42":6,"43":0,"44":0,"45":6,"46":0,"47":0,"48":6,"49":0,"50":0,"51":0,"52":0,"53":0,"54":0,"55":0,"56":0,"57":0,"58":0,"59":0,"60":0,"61":0,"62":0,"63":0,"64":0,"65":0,"66":0,"67":6,"68":0,"69":0,"70":0,"71":0,"72":0,"73":0,"74":0,"75":0,"76":0,"77":0,"78":6,"79":0,"80":0,"81":0,"82":0,"83":0,"84":0,"85":0,"86":0,"87":0,"88":0,"89":0,"90":0,"91":0,"92":0,"93":0,"94":0,"95":0,"96":0,"97":0,"98":6,"99":0,"100":0,"101":0,"102":0,"103":0,"104":0,"105":0,"106":0,"107":0,"108":0,"109":0,"110":0,"111":0,"112":0,"113":0,"114":0,"115":0,"116":0,"117":0,"118":0,"119":0,"120":0,"121":6,"122":6,"123":6,"124":0,"125":0,"126":6},"f":{"0":6,"1":2,"2":2,"3":2,"4":0,"5":0,"6":0,"7":0,"8":0,"9":0,"10":0,"11":0,"12":0,"13":0,"14":0,"15":0,"16":0,"17":0,"18":0,"19":0,"20":0,"21":0,"22":0,"23":0,"24":0,"25":0,"26":0,"27":0,"28":0,"29":6,"30":0},"b":{"0":[0,2],"1":[0,0],"2":[0,0],"3":[0,0],"4":[0,6]},"_coverageSchema":"43e27e138ebf9cfc5966b082cf9a028302ed4184","hash":"b9c66188c99a62f89a6c2f0530902e0160dccca7"}
,"/home/adile/Documents/practise/react-rithms/fullstackopen2019/part5/bloglist-frontend/src/index.js": {"path":"/home/adile/Documents/practise/react-rithms/fullstackopen2019/part5/bloglist-frontend/src/index.js","statementMap":{"0":{"start":{"line":6,"column":0},"end":{"line":6,"column":57}}},"fnMap":{},"branchMap":{},"s":{"0":0},"f":{},"b":{},"hash":"99b961d3d8c9f03ff10876efd5c99e0c98ae3b6f"}
,"/home/adile/Documents/practise/react-rithms/fullstackopen2019/part5/bloglist-frontend/src/components/AddBlogForm.js": {"path":"/home/adile/Documents/practise/react-rithms/fullstackopen2019/part5/bloglist-frontend/src/components/AddBlogForm.js","statementMap":{"0":{"start":{"line":5,"column":20},"end":{"line":47,"column":1}},"1":{"start":{"line":12,"column":29},"end":{"line":12,"column":34}},"2":{"start":{"line":14,"column":3},"end":{"line":46,"column":5}},"3":{"start":{"line":49,"column":0},"end":{"line":57,"column":3}}},"fnMap":{"0":{"name":"(anonymous_0)","decl":{"start":{"line":5,"column":20},"end":{"line":5,"column":21}},"loc":{"start":{"line":5,"column":30},"end":{"line":47,"column":1}},"line":5}},"branchMap":{},"s":{"0":1,"1":0,"2":0,"3":1},"f":{"0":0},"b":{},"_coverageSchema":"43e27e138ebf9cfc5966b082cf9a028302ed4184","hash":"2aff4e2ecfb7e32ac1de1a75b2b009af1b5534de"}
,"/home/adile/Documents/practise/react-rithms/fullstackopen2019/part5/bloglist-frontend/src/components/Blog.js": {"path":"/home/adile/Documents/practise/react-rithms/fullstackopen2019/part5/bloglist-frontend/src/components/Blog.js","statementMap":{"0":{"start":{"line":4,"column":13},"end":{"line":38,"column":1}},"1":{"start":{"line":5,"column":20},"end":{"line":11,"column":3}},"2":{"start":{"line":13,"column":18},"end":{"line":13,"column":35}},"3":{"start":{"line":15,"column":33},"end":{"line":17,"column":3}},"4":{"start":{"line":16,"column":4},"end":{"line":16,"column":38}},"5":{"start":{"line":19,"column":2},"end":{"line":36,"column":3}},"6":{"start":{"line":41,"column":0},"end":{"line":45,"column":1}}},"fnMap":{"0":{"name":"(anonymous_0)","decl":{"start":{"line":4,"column":13},"end":{"line":4,"column":14}},"loc":{"start":{"line":4,"column":53},"end":{"line":38,"column":1}},"line":4},"1":{"name":"(anonymous_1)","decl":{"start":{"line":15,"column":33},"end":{"line":15,"column":34}},"loc":{"start":{"line":15,"column":39},"end":{"line":17,"column":3}},"line":15}},"branchMap":{},"s":{"0":1,"1":0,"2":0,"3":0,"4":0,"5":0,"6":1},"f":{"0":0,"1":0},"b":{},"_coverageSchema":"43e27e138ebf9cfc5966b082cf9a028302ed4184","hash":"55f43cae8a99b95b429870f112a636b0930a8b0a"}
,"/home/adile/Documents/practise/react-rithms/fullstackopen2019/part5/bloglist-frontend/src/components/BlogDetail.js": {"path":"/home/adile/Documents/practise/react-rithms/fullstackopen2019/part5/bloglist-frontend/src/components/BlogDetail.js","statementMap":{"0":{"start":{"line":6,"column":19},"end":{"line":43,"column":4}},"1":{"start":{"line":8,"column":2},"end":{"line":8,"column":40}},"2":{"start":{"line":11,"column":34},"end":{"line":11,"column":49}},"3":{"start":{"line":13,"column":29},"end":{"line":15,"column":5}},"4":{"start":{"line":14,"column":6},"end":{"line":14,"column":26}},"5":{"start":{"line":17,"column":4},"end":{"line":21,"column":8}},"6":{"start":{"line":18,"column":8},"end":{"line":20,"column":9}},"7":{"start":{"line":23,"column":22},"end":{"line":23,"column":56}},"8":{"start":{"line":24,"column":4},"end":{"line":24,"column":38}},"9":{"start":{"line":26,"column":4},"end":{"line":42,"column":5}},"10":{"start":{"line":45,"column":2},"end":{"line":49,"column":3}}},"fnMap":{"0":{"name":"(anonymous_0)","decl":{"start":{"line":6,"column":36},"end":{"line":6,"column":37}},"loc":{"start":{"line":6,"column":85},"end":{"line":43,"column":3}},"line":6},"1":{"name":"(anonymous_1)","decl":{"start":{"line":13,"column":29},"end":{"line":13,"column":30}},"loc":{"start":{"line":13,"column":35},"end":{"line":15,"column":5}},"line":13},"2":{"name":"(anonymous_2)","decl":{"start":{"line":17,"column":29},"end":{"line":17,"column":30}},"loc":{"start":{"line":17,"column":35},"end":{"line":21,"column":7}},"line":17}},"branchMap":{"0":{"loc":{"start":{"line":23,"column":33},"end":{"line":23,"column":54}},"type":"cond-expr","locations":[{"start":{"line":23,"column":43},"end":{"line":23,"column":45}},{"start":{"line":23,"column":48},"end":{"line":23,"column":54}}],"line":23}},"s":{"0":1,"1":0,"2":0,"3":0,"4":0,"5":0,"6":0,"7":0,"8":0,"9":0,"10":1},"f":{"0":0,"1":0,"2":0},"b":{"0":[0,0]},"_coverageSchema":"43e27e138ebf9cfc5966b082cf9a028302ed4184","hash":"976162ab56942ea4ff88e763abfd932c783267a4"}
,"/home/adile/Documents/practise/react-rithms/fullstackopen2019/part5/bloglist-frontend/src/components/BlogList.js": {"path":"/home/adile/Documents/practise/react-rithms/fullstackopen2019/part5/bloglist-frontend/src/components/BlogList.js","statementMap":{"0":{"start":{"line":4,"column":17},"end":{"line":17,"column":1}},"1":{"start":{"line":5,"column":0},"end":{"line":5,"column":50}},"2":{"start":{"line":6,"column":2},"end":{"line":15,"column":6}},"3":{"start":{"line":8,"column":28},"end":{"line":8,"column":45}},"4":{"start":{"line":8,"column":58},"end":{"line":13,"column":26}},"5":{"start":{"line":19,"column":0},"end":{"line":23,"column":1}}},"fnMap":{"0":{"name":"(anonymous_0)","decl":{"start":{"line":4,"column":17},"end":{"line":4,"column":18}},"loc":{"start":{"line":4,"column":56},"end":{"line":17,"column":1}},"line":4},"1":{"name":"(anonymous_1)","decl":{"start":{"line":8,"column":18},"end":{"line":8,"column":19}},"loc":{"start":{"line":8,"column":28},"end":{"line":8,"column":45}},"line":8},"2":{"name":"(anonymous_2)","decl":{"start":{"line":8,"column":51},"end":{"line":8,"column":52}},"loc":{"start":{"line":8,"column":58},"end":{"line":13,"column":26}},"line":8}},"branchMap":{},"s":{"0":1,"1":0,"2":0,"3":0,"4":0,"5":1},"f":{"0":0,"1":0,"2":0},"b":{},"_coverageSchema":"43e27e138ebf9cfc5966b082cf9a028302ed4184","hash":"8c7c62733ee3154741563cb5692aaad4f9254560"}
,"/home/adile/Documents/practise/react-rithms/fullstackopen2019/part5/bloglist-frontend/src/components/Button.js": {"path":"/home/adile/Documents/practise/react-rithms/fullstackopen2019/part5/bloglist-frontend/src/components/Button.js","statementMap":{"0":{"start":{"line":3,"column":15},"end":{"line":9,"column":3}},"1":{"start":{"line":4,"column":4},"end":{"line":8,"column":5}}},"fnMap":{"0":{"name":"(anonymous_0)","decl":{"start":{"line":3,"column":15},"end":{"line":3,"column":16}},"loc":{"start":{"line":3,"column":38},"end":{"line":9,"column":3}},"line":3}},"branchMap":{},"s":{"0":1,"1":0},"f":{"0":0},"b":{},"_coverageSchema":"43e27e138ebf9cfc5966b082cf9a028302ed4184","hash":"f59f1ee9fa1f5f82a479cf163ec7b5638ac4ebb1"}
,"/home/adile/Documents/practise/react-rithms/fullstackopen2019/part5/bloglist-frontend/src/components/ErrorNotification.js": {"path":"/home/adile/Documents/practise/react-rithms/fullstackopen2019/part5/bloglist-frontend/src/components/ErrorNotification.js","statementMap":{"0":{"start":{"line":3,"column":26},"end":{"line":13,"column":1}},"1":{"start":{"line":4,"column":2},"end":{"line":6,"column":3}},"2":{"start":{"line":5,"column":4},"end":{"line":5,"column":15}},"3":{"start":{"line":8,"column":2},"end":{"line":12,"column":3}}},"fnMap":{"0":{"name":"(anonymous_0)","decl":{"start":{"line":3,"column":26},"end":{"line":3,"column":27}},"loc":{"start":{"line":3,"column":43},"end":{"line":13,"column":1}},"line":3}},"branchMap":{"0":{"loc":{"start":{"line":4,"column":2},"end":{"line":6,"column":3}},"type":"if","locations":[{"start":{"line":4,"column":2},"end":{"line":6,"column":3}},{"start":{"line":4,"column":2},"end":{"line":6,"column":3}}],"line":4}},"s":{"0":1,"1":6,"2":6,"3":0},"f":{"0":6},"b":{"0":[6,0]},"_coverageSchema":"43e27e138ebf9cfc5966b082cf9a028302ed4184","hash":"74cb3518b2c2243ce54cdfe528528abe7e66eaee"}
,"/home/adile/Documents/practise/react-rithms/fullstackopen2019/part5/bloglist-frontend/src/components/Footer.js": {"path":"/home/adile/Documents/practise/react-rithms/fullstackopen2019/part5/bloglist-frontend/src/components/Footer.js","statementMap":{"0":{"start":{"line":3,"column":15},"end":{"line":16,"column":3}},"1":{"start":{"line":4,"column":24},"end":{"line":8,"column":5}},"2":{"start":{"line":10,"column":4},"end":{"line":15,"column":5}}},"fnMap":{"0":{"name":"(anonymous_0)","decl":{"start":{"line":3,"column":15},"end":{"line":3,"column":16}},"loc":{"start":{"line":3,"column":21},"end":{"line":16,"column":3}},"line":3}},"branchMap":{},"s":{"0":1,"1":6,"2":6},"f":{"0":6},"b":{},"_coverageSchema":"43e27e138ebf9cfc5966b082cf9a028302ed4184","hash":"9a1182ca5061ae3dd01fcafecbd1b7bbc14ca696"}
,"/home/adile/Documents/practise/react-rithms/fullstackopen2019/part5/bloglist-frontend/src/components/LoginForm.js": {"path":"/home/adile/Documents/practise/react-rithms/fullstackopen2019/part5/bloglist-frontend/src/components/LoginForm.js","statementMap":{"0":{"start":{"line":5,"column":18},"end":{"line":38,"column":1}},"1":{"start":{"line":10,"column":37},"end":{"line":10,"column":42}},"2":{"start":{"line":12,"column":2},"end":{"line":37,"column":3}},"3":{"start":{"line":39,"column":0},"end":{"line":45,"column":1}}},"fnMap":{"0":{"name":"(anonymous_0)","decl":{"start":{"line":5,"column":18},"end":{"line":5,"column":19}},"loc":{"start":{"line":5,"column":29},"end":{"line":38,"column":1}},"line":5}},"branchMap":{},"s":{"0":1,"1":6,"2":6,"3":1},"f":{"0":6},"b":{},"_coverageSchema":"43e27e138ebf9cfc5966b082cf9a028302ed4184","hash":"d1d3fe953f244dcba66a1d3c8c5f5240900f4091"}
,"/home/adile/Documents/practise/react-rithms/fullstackopen2019/part5/bloglist-frontend/src/components/SimpleBlog.js": {"path":"/home/adile/Documents/practise/react-rithms/fullstackopen2019/part5/bloglist-frontend/src/components/SimpleBlog.js","statementMap":{"0":{"start":{"line":3,"column":19},"end":{"line":15,"column":1}},"1":{"start":{"line":4,"column":2},"end":{"line":14,"column":8}}},"fnMap":{"0":{"name":"(anonymous_0)","decl":{"start":{"line":3,"column":19},"end":{"line":3,"column":20}},"loc":{"start":{"line":4,"column":2},"end":{"line":14,"column":8}},"line":4}},"branchMap":{},"s":{"0":1,"1":4},"f":{"0":4},"b":{},"_coverageSchema":"43e27e138ebf9cfc5966b082cf9a028302ed4184","hash":"40fe15308c8db1922b756b9aa690f8c46ffe02a0"}
,"/home/adile/Documents/practise/react-rithms/fullstackopen2019/part5/bloglist-frontend/src/components/SuccessNotification.js": {"path":"/home/adile/Documents/practise/react-rithms/fullstackopen2019/part5/bloglist-frontend/src/components/SuccessNotification.js","statementMap":{"0":{"start":{"line":3,"column":28},"end":{"line":13,"column":1}},"1":{"start":{"line":4,"column":2},"end":{"line":6,"column":3}},"2":{"start":{"line":5,"column":4},"end":{"line":5,"column":15}},"3":{"start":{"line":8,"column":2},"end":{"line":12,"column":3}}},"fnMap":{"0":{"name":"(anonymous_0)","decl":{"start":{"line":3,"column":28},"end":{"line":3,"column":29}},"loc":{"start":{"line":3,"column":45},"end":{"line":13,"column":1}},"line":3}},"branchMap":{"0":{"loc":{"start":{"line":4,"column":2},"end":{"line":6,"column":3}},"type":"if","locations":[{"start":{"line":4,"column":2},"end":{"line":6,"column":3}},{"start":{"line":4,"column":2},"end":{"line":6,"column":3}}],"line":4}},"s":{"0":1,"1":0,"2":0,"3":0},"f":{"0":0},"b":{"0":[0,0]},"_coverageSchema":"43e27e138ebf9cfc5966b082cf9a028302ed4184","hash":"d930337d6f731cdedeec938e21f57543829aa600"}
,"/home/adile/Documents/practise/react-rithms/fullstackopen2019/part5/bloglist-frontend/src/components/Togglable.js": {"path":"/home/adile/Documents/practise/react-rithms/fullstackopen2019/part5/bloglist-frontend/src/components/Togglable.js","statementMap":{"0":{"start":{"line":4,"column":18},"end":{"line":31,"column":4}},"1":{"start":{"line":5,"column":34},"end":{"line":5,"column":49}},"2":{"start":{"line":7,"column":28},"end":{"line":7,"column":62}},"3":{"start":{"line":8,"column":28},"end":{"line":8,"column":62}},"4":{"start":{"line":10,"column":29},"end":{"line":12,"column":5}},"5":{"start":{"line":11,"column":6},"end":{"line":11,"column":26}},"6":{"start":{"line":14,"column":4},"end":{"line":18,"column":8}},"7":{"start":{"line":15,"column":8},"end":{"line":17,"column":9}},"8":{"start":{"line":20,"column":4},"end":{"line":30,"column":5}}},"fnMap":{"0":{"name":"(anonymous_0)","decl":{"start":{"line":4,"column":35},"end":{"line":4,"column":36}},"loc":{"start":{"line":4,"column":51},"end":{"line":31,"column":3}},"line":4},"1":{"name":"(anonymous_1)","decl":{"start":{"line":10,"column":29},"end":{"line":10,"column":30}},"loc":{"start":{"line":10,"column":35},"end":{"line":12,"column":5}},"line":10},"2":{"name":"(anonymous_2)","decl":{"start":{"line":14,"column":29},"end":{"line":14,"column":30}},"loc":{"start":{"line":14,"column":35},"end":{"line":18,"column":7}},"line":14}},"branchMap":{"0":{"loc":{"start":{"line":7,"column":39},"end":{"line":7,"column":60}},"type":"cond-expr","locations":[{"start":{"line":7,"column":49},"end":{"line":7,"column":55}},{"start":{"line":7,"column":58},"end":{"line":7,"column":60}}],"line":7},"1":{"loc":{"start":{"line":8,"column":39},"end":{"line":8,"column":60}},"type":"cond-expr","locations":[{"start":{"line":8,"column":49},"end":{"line":8,"column":51}},{"start":{"line":8,"column":54},"end":{"line":8,"column":60}}],"line":8}},"s":{"0":2,"1":7,"2":7,"3":7,"4":7,"5":3,"6":7,"7":0,"8":7},"f":{"0":7,"1":3,"2":0},"b":{"0":[2,5],"1":[2,5]},"_coverageSchema":"43e27e138ebf9cfc5966b082cf9a028302ed4184","hash":"e60f23fc8fb521b0446d03e2218679d7c4161f17"}
,"/home/adile/Documents/practise/react-rithms/fullstackopen2019/part5/bloglist-frontend/src/services/blogs.js": {"path":"/home/adile/Documents/practise/react-rithms/fullstackopen2019/part5/bloglist-frontend/src/services/blogs.js","statementMap":{"0":{"start":{"line":3,"column":16},"end":{"line":3,"column":49}},"1":{"start":{"line":5,"column":12},"end":{"line":5,"column":16}},"2":{"start":{"line":7,"column":17},"end":{"line":9,"column":1}},"3":{"start":{"line":8,"column":2},"end":{"line":8,"column":30}},"4":{"start":{"line":11,"column":15},"end":{"line":14,"column":1}},"5":{"start":{"line":12,"column":19},"end":{"line":12,"column":43}},"6":{"start":{"line":13,"column":2},"end":{"line":13,"column":22}},"7":{"start":{"line":16,"column":15},"end":{"line":23,"column":1}},"8":{"start":{"line":17,"column":17},"end":{"line":19,"column":3}},"9":{"start":{"line":21,"column":17},"end":{"line":21,"column":61}},"10":{"start":{"line":22,"column":2},"end":{"line":22,"column":22}},"11":{"start":{"line":25,"column":15},"end":{"line":31,"column":1}},"12":{"start":{"line":26,"column":17},"end":{"line":28,"column":3}},"13":{"start":{"line":29,"column":19},"end":{"line":29,"column":73}},"14":{"start":{"line":30,"column":2},"end":{"line":30,"column":23}},"15":{"start":{"line":33,"column":15},"end":{"line":40,"column":1}},"16":{"start":{"line":34,"column":17},"end":{"line":36,"column":3}},"17":{"start":{"line":38,"column":19},"end":{"line":38,"column":65}},"18":{"start":{"line":39,"column":2},"end":{"line":39,"column":22}}},"fnMap":{"0":{"name":"(anonymous_0)","decl":{"start":{"line":7,"column":17},"end":{"line":7,"column":18}},"loc":{"start":{"line":7,"column":29},"end":{"line":9,"column":1}},"line":7},"1":{"name":"(anonymous_1)","decl":{"start":{"line":11,"column":15},"end":{"line":11,"column":16}},"loc":{"start":{"line":11,"column":26},"end":{"line":14,"column":1}},"line":11},"2":{"name":"(anonymous_2)","decl":{"start":{"line":16,"column":15},"end":{"line":16,"column":16}},"loc":{"start":{"line":16,"column":34},"end":{"line":23,"column":1}},"line":16},"3":{"name":"(anonymous_3)","decl":{"start":{"line":25,"column":15},"end":{"line":25,"column":16}},"loc":{"start":{"line":25,"column":39},"end":{"line":31,"column":1}},"line":25},"4":{"name":"(anonymous_4)","decl":{"start":{"line":33,"column":15},"end":{"line":33,"column":16}},"loc":{"start":{"line":33,"column":27},"end":{"line":40,"column":1}},"line":33}},"branchMap":{},"s":{"0":0,"1":0,"2":0,"3":0,"4":0,"5":0,"6":0,"7":0,"8":0,"9":0,"10":0,"11":0,"12":0,"13":0,"14":0,"15":0,"16":0,"17":0,"18":0},"f":{"0":0,"1":0,"2":0,"3":0,"4":0},"b":{},"hash":"56fcd6ca235c9475d10e73b6cd1f797a8b97baef"}
,"/home/adile/Documents/practise/react-rithms/fullstackopen2019/part5/bloglist-frontend/src/services/login.js": {"path":"/home/adile/Documents/practise/react-rithms/fullstackopen2019/part5/bloglist-frontend/src/services/login.js","statementMap":{"0":{"start":{"line":3,"column":16},"end":{"line":3,"column":49}},"1":{"start":{"line":5,"column":14},"end":{"line":8,"column":1}},"2":{"start":{"line":6,"column":19},"end":{"line":6,"column":57}},"3":{"start":{"line":7,"column":2},"end":{"line":7,"column":22}}},"fnMap":{"0":{"name":"(anonymous_0)","decl":{"start":{"line":5,"column":14},"end":{"line":5,"column":15}},"loc":{"start":{"line":5,"column":35},"end":{"line":8,"column":1}},"line":5}},"branchMap":{},"s":{"0":1,"1":1,"2":0,"3":0},"f":{"0":0},"b":{},"_coverageSchema":"43e27e138ebf9cfc5966b082cf9a028302ed4184","hash":"b66594119e6f592a624774981ea2900afd24b693"}
}
