TN:
SF:/home/adile/Documents/practise/react-rithms/fullstackopen2019/part5/bloglist-frontend/src/App.js
FN:15,App
FN:45,(anonymous_1)
FN:47,(anonymous_2)
FN:56,(anonymous_3)
FN:66,(anonymous_4)
FN:87,(anonymous_5)
FN:96,(anonymous_6)
FN:102,(anonymous_7)
FN:108,(anonymous_8)
FN:114,(anonymous_9)
FN:120,(anonymous_10)
FN:130,(anonymous_11)
FN:153,(anonymous_12)
FN:159,(anonymous_13)
FN:167,(anonymous_14)
FN:181,(anonymous_15)
FN:187,(anonymous_16)
FN:193,(anonymous_17)
FN:193,(anonymous_18)
FN:199,(anonymous_19)
FN:209,(anonymous_20)
FN:213,(anonymous_21)
FN:219,(anonymous_22)
FN:227,(anonymous_23)
FN:227,(anonymous_24)
FN:230,(anonymous_25)
FN:238,(anonymous_26)
FN:253,(anonymous_27)
FN:259,(anonymous_28)
FN:267,(anonymous_29)
FN:281,(anonymous_30)
FNF:31
FNH:5
FNDA:6,App
FNDA:2,(anonymous_1)
FNDA:2,(anonymous_2)
FNDA:2,(anonymous_3)
FNDA:0,(anonymous_4)
FNDA:0,(anonymous_5)
FNDA:0,(anonymous_6)
FNDA:0,(anonymous_7)
FNDA:0,(anonymous_8)
FNDA:0,(anonymous_9)
FNDA:0,(anonymous_10)
FNDA:0,(anonymous_11)
FNDA:0,(anonymous_12)
FNDA:0,(anonymous_13)
FNDA:0,(anonymous_14)
FNDA:0,(anonymous_15)
FNDA:0,(anonymous_16)
FNDA:0,(anonymous_17)
FNDA:0,(anonymous_18)
FNDA:0,(anonymous_19)
FNDA:0,(anonymous_20)
FNDA:0,(anonymous_21)
FNDA:0,(anonymous_22)
FNDA:0,(anonymous_23)
FNDA:0,(anonymous_24)
FNDA:0,(anonymous_25)
FNDA:0,(anonymous_26)
FNDA:0,(anonymous_27)
FNDA:0,(anonymous_28)
FNDA:6,(anonymous_29)
FNDA:0,(anonymous_30)
DA:17,6
DA:18,6
DA:19,6
DA:20,6
DA:21,6
DA:22,6
DA:23,6
DA:24,6
DA:25,6
DA:27,6
DA:45,6
DA:46,2
DA:49,2
DA:54,6
DA:56,6
DA:57,2
DA:58,2
DA:59,0
DA:60,0
DA:61,0
DA:66,6
DA:67,0
DA:68,0
DA:69,0
DA:73,0
DA:75,0
DA:79,0
DA:80,0
DA:81,0
DA:82,0
DA:85,0
DA:87,0
DA:88,0
DA:96,6
DA:97,0
DA:98,0
DA:102,6
DA:103,0
DA:104,0
DA:108,6
DA:109,0
DA:110,0
DA:114,6
DA:115,0
DA:116,0
DA:120,6
DA:121,0
DA:122,0
DA:130,6
DA:131,0
DA:132,0
DA:134,0
DA:136,0
DA:137,0
DA:142,0
DA:143,0
DA:145,0
DA:146,0
DA:147,0
DA:149,0
DA:150,0
DA:151,0
DA:153,0
DA:154,0
DA:157,0
DA:159,0
DA:160,0
DA:167,6
DA:175,0
DA:176,0
DA:177,0
DA:178,0
DA:180,0
DA:181,0
DA:182,0
DA:185,0
DA:187,0
DA:188,0
DA:193,6
DA:194,0
DA:195,0
DA:199,0
DA:200,0
DA:201,0
DA:202,0
DA:206,0
DA:207,0
DA:208,0
DA:209,0
DA:210,0
DA:213,0
DA:214,0
DA:217,0
DA:219,0
DA:220,0
DA:227,6
DA:228,0
DA:230,0
DA:231,0
DA:232,0
DA:233,0
DA:238,0
DA:239,0
DA:241,0
DA:244,0
DA:245,0
DA:247,0
DA:248,0
DA:249,0
DA:250,0
DA:253,0
DA:254,0
DA:257,0
DA:259,0
DA:260,0
DA:267,6
DA:268,6
DA:281,6
DA:282,0
DA:285,0
DA:318,6
LF:121
LH:31
BRDA:58,0,0,0
BRDA:58,0,1,2
BRDA:209,1,0,0
BRDA:209,1,1,0
BRDA:244,2,0,0
BRDA:244,2,1,0
BRDA:282,3,0,0
BRDA:282,3,1,0
BRDA:321,4,0,0
BRDA:321,4,1,6
BRF:10
BRH:2
end_of_record
TN:
SF:/home/adile/Documents/practise/react-rithms/fullstackopen2019/part5/bloglist-frontend/src/index.js
FNF:0
FNH:0
DA:6,0
LF:1
LH:0
BRF:0
BRH:0
end_of_record
TN:
SF:/home/adile/Documents/practise/react-rithms/fullstackopen2019/part5/bloglist-frontend/src/components/AddBlogForm.js
FN:5,(anonymous_0)
FNF:1
FNH:0
FNDA:0,(anonymous_0)
DA:5,1
DA:12,0
DA:14,0
DA:49,1
LF:4
LH:2
BRF:0
BRH:0
end_of_record
TN:
SF:/home/adile/Documents/practise/react-rithms/fullstackopen2019/part5/bloglist-frontend/src/components/Blog.js
FN:4,(anonymous_0)
FN:15,(anonymous_1)
FNF:2
FNH:0
FNDA:0,(anonymous_0)
FNDA:0,(anonymous_1)
DA:4,1
DA:5,0
DA:13,0
DA:15,0
DA:16,0
DA:19,0
DA:41,1
LF:7
LH:2
BRF:0
BRH:0
end_of_record
TN:
SF:/home/adile/Documents/practise/react-rithms/fullstackopen2019/part5/bloglist-frontend/src/components/BlogDetail.js
FN:6,(anonymous_0)
FN:13,(anonymous_1)
FN:17,(anonymous_2)
FNF:3
FNH:0
FNDA:0,(anonymous_0)
FNDA:0,(anonymous_1)
FNDA:0,(anonymous_2)
DA:6,1
DA:8,0
DA:11,0
DA:13,0
DA:14,0
DA:17,0
DA:18,0
DA:23,0
DA:24,0
DA:26,0
DA:45,1
LF:11
LH:2
BRDA:23,0,0,0
BRDA:23,0,1,0
BRF:2
BRH:0
end_of_record
TN:
SF:/home/adile/Documents/practise/react-rithms/fullstackopen2019/part5/bloglist-frontend/src/components/BlogList.js
FN:4,(anonymous_0)
FN:8,(anonymous_1)
FN:8,(anonymous_2)
FNF:3
FNH:0
FNDA:0,(anonymous_0)
FNDA:0,(anonymous_1)
FNDA:0,(anonymous_2)
DA:4,1
DA:5,0
DA:6,0
DA:8,0
DA:19,1
LF:5
LH:2
BRF:0
BRH:0
end_of_record
TN:
SF:/home/adile/Documents/practise/react-rithms/fullstackopen2019/part5/bloglist-frontend/src/components/Button.js
FN:3,(anonymous_0)
FNF:1
FNH:0
FNDA:0,(anonymous_0)
DA:3,1
DA:4,0
LF:2
LH:1
BRF:0
BRH:0
end_of_record
TN:
SF:/home/adile/Documents/practise/react-rithms/fullstackopen2019/part5/bloglist-frontend/src/components/ErrorNotification.js
FN:3,(anonymous_0)
FNF:1
FNH:1
FNDA:6,(anonymous_0)
DA:3,1
DA:4,6
DA:5,6
DA:8,0
LF:4
LH:3
BRDA:4,0,0,6
BRDA:4,0,1,0
BRF:2
BRH:1
end_of_record
TN:
SF:/home/adile/Documents/practise/react-rithms/fullstackopen2019/part5/bloglist-frontend/src/components/Footer.js
FN:3,(anonymous_0)
FNF:1
FNH:1
FNDA:6,(anonymous_0)
DA:3,1
DA:4,6
DA:10,6
LF:3
LH:3
BRF:0
BRH:0
end_of_record
TN:
SF:/home/adile/Documents/practise/react-rithms/fullstackopen2019/part5/bloglist-frontend/src/components/LoginForm.js
FN:5,(anonymous_0)
FNF:1
FNH:1
FNDA:6,(anonymous_0)
DA:5,1
DA:10,6
DA:12,6
DA:39,1
LF:4
LH:4
BRF:0
BRH:0
end_of_record
TN:
SF:/home/adile/Documents/practise/react-rithms/fullstackopen2019/part5/bloglist-frontend/src/components/SimpleBlog.js
FN:3,(anonymous_0)
FNF:1
FNH:1
FNDA:4,(anonymous_0)
DA:3,1
DA:4,4
LF:2
LH:2
BRF:0
BRH:0
end_of_record
TN:
SF:/home/adile/Documents/practise/react-rithms/fullstackopen2019/part5/bloglist-frontend/src/components/SuccessNotification.js
FN:3,(anonymous_0)
FNF:1
FNH:0
FNDA:0,(anonymous_0)
DA:3,1
DA:4,0
DA:5,0
DA:8,0
LF:4
LH:1
BRDA:4,0,0,0
BRDA:4,0,1,0
BRF:2
BRH:0
end_of_record
TN:
SF:/home/adile/Documents/practise/react-rithms/fullstackopen2019/part5/bloglist-frontend/src/components/Togglable.js
FN:4,(anonymous_0)
FN:10,(anonymous_1)
FN:14,(anonymous_2)
FNF:3
FNH:2
FNDA:7,(anonymous_0)
FNDA:3,(anonymous_1)
FNDA:0,(anonymous_2)
DA:4,2
DA:5,7
DA:7,7
DA:8,7
DA:10,7
DA:11,3
DA:14,7
DA:15,0
DA:20,7
LF:9
LH:8
BRDA:7,0,0,2
BRDA:7,0,1,5
BRDA:8,1,0,2
BRDA:8,1,1,5
BRF:4
BRH:4
end_of_record
TN:
SF:/home/adile/Documents/practise/react-rithms/fullstackopen2019/part5/bloglist-frontend/src/services/blogs.js
FN:7,(anonymous_0)
FN:11,(anonymous_1)
FN:16,(anonymous_2)
FN:25,(anonymous_3)
FN:33,(anonymous_4)
FNF:5
FNH:0
FNDA:0,(anonymous_0)
FNDA:0,(anonymous_1)
FNDA:0,(anonymous_2)
FNDA:0,(anonymous_3)
FNDA:0,(anonymous_4)
DA:3,0
DA:5,0
DA:7,0
DA:8,0
DA:11,0
DA:12,0
DA:13,0
DA:16,0
DA:17,0
DA:21,0
DA:22,0
DA:25,0
DA:26,0
DA:29,0
DA:30,0
DA:33,0
DA:34,0
DA:38,0
DA:39,0
LF:19
LH:0
BRF:0
BRH:0
end_of_record
TN:
SF:/home/adile/Documents/practise/react-rithms/fullstackopen2019/part5/bloglist-frontend/src/services/login.js
FN:5,(anonymous_0)
FNF:1
FNH:0
FNDA:0,(anonymous_0)
DA:3,1
DA:5,1
DA:6,0
DA:7,0
LF:4
LH:2
BRF:0
BRH:0
end_of_record
